<?xml version="1.0" encoding="utf-8"?><testsuites name="pytest tests"><testsuite name="pytest" errors="0" failures="0" skipped="0" tests="12" time="4.091" timestamp="2026-04-06T11:28:15.141682+00:00" hostname="agent-env-c5cc9742-9894-4442-903d-e47b92d07120"><testcase classname="backend.tests.test_pdf_preview_and_stripe.TestPdfPreviewAndStripe" name="test_01_login_owner" time="0.243" /><testcase classname="backend.tests.test_pdf_preview_and_stripe.TestPdfPreviewAndStripe" name="test_02_get_invoices" time="0.175" /><testcase classname="backend.tests.test_pdf_preview_and_stripe.TestPdfPreviewAndStripe" name="test_03_pdf_preview_returns_200" time="0.198" /><testcase classname="backend.tests.test_pdf_preview_and_stripe.TestPdfPreviewAndStripe" name="test_04_pdf_preview_does_not_increment_download_count" time="0.280" /><testcase classname="backend.tests.test_pdf_preview_and_stripe.TestPdfPreviewAndStripe" name="test_05_pdf_preview_vs_download_comparison" time="0.373" /><testcase classname="backend.tests.test_pdf_preview_and_stripe.TestPdfPreviewAndStripe" name="test_06_stripe_checkout_card_payment" time="0.615" /><testcase classname="backend.tests.test_pdf_preview_and_stripe.TestPdfPreviewAndStripe" name="test_07_stripe_checkout_google_pay" time="0.748" /><testcase classname="backend.tests.test_pdf_preview_and_stripe.TestPdfPreviewAndStripe" name="test_08_stripe_checkout_bacs_debit" time="0.451" /><testcase classname="backend.tests.test_pdf_preview_and_stripe.TestPdfPreviewAndStripe" name="test_09_stripe_checkout_enterprise_plan" time="0.411" /><testcase classname="backend.tests.test_pdf_preview_and_stripe.TestPdfPreviewAndStripe" name="test_10_stripe_checkout_invalid_plan" time="0.138" /><testcase classname="backend.tests.test_pdf_preview_and_stripe.TestPdfPreviewAndStripe" name="test_11_pdf_preview_invalid_invoice_returns_404" time="0.200" /><testcase classname="backend.tests.test_pdf_preview_and_stripe.TestPdfPreviewAndStripe" name="test_12_pdf_download_endpoint_still_works" time="0.194" /></testsuite></testsuites>