<?xml version="1.0" encoding="utf-8"?><testsuites name="pytest tests"><testsuite name="pytest" errors="0" failures="1" skipped="0" tests="26" time="5.623" timestamp="2026-04-06T07:56:00.546784+00:00" hostname="agent-env-cc3eb2e3-3b11-451a-9f86-c19a9a1c4019"><testcase classname="backend.tests.test_admin_and_auth.TestHealthAndBasics" name="test_health_endpoint" time="0.252" /><testcase classname="backend.tests.test_admin_and_auth.TestHealthAndBasics" name="test_root_endpoint" time="0.103" /><testcase classname="backend.tests.test_admin_and_auth.TestOwnerLogin" name="test_owner_login" time="0.111" /><testcase classname="backend.tests.test_admin_and_auth.TestOwnerLogin" name="test_owner_has_is_owner_flag" time="0.219" /><testcase classname="backend.tests.test_admin_and_auth.TestAdminEndpoints" name="test_admin_stats_as_owner" time="0.232" /><testcase classname="backend.tests.test_admin_and_auth.TestAdminEndpoints" name="test_admin_stats_forbidden_for_non_owner" time="0.230" /><testcase classname="backend.tests.test_admin_and_auth.TestAdminEndpoints" name="test_admin_users_list" time="0.240" /><testcase classname="backend.tests.test_admin_and_auth.TestAdminEndpoints" name="test_admin_users_forbidden_for_non_owner" time="0.251" /><testcase classname="backend.tests.test_admin_and_auth.TestAdminEndpoints" name="test_admin_transactions_list" time="0.203" /><testcase classname="backend.tests.test_admin_and_auth.TestAdminEndpoints" name="test_admin_transactions_forbidden_for_non_owner" time="0.226" /><testcase classname="backend.tests.test_admin_and_auth.TestAdminEndpoints" name="test_admin_settings_get" time="0.212"><failure message="assert 500 == 200&#10; +  where 500 = &lt;Response [500]&gt;.status_code">backend/tests/test_admin_and_auth.py:162: in test_admin_settings_get
    assert response.status_code == 200
E   assert 500 == 200
E    +  where 500 = &lt;Response [500]&gt;.status_code</failure></testcase><testcase classname="backend.tests.test_admin_and_auth.TestAdminEndpoints" name="test_admin_settings_forbidden_for_non_owner" time="0.255" /><testcase classname="backend.tests.test_admin_and_auth.TestAdminEndpoints" name="test_admin_update_user_plan" time="0.498" /><testcase classname="backend.tests.test_admin_and_auth.TestForgotPassword" name="test_forgot_password_existing_email" time="0.098" /><testcase classname="backend.tests.test_admin_and_auth.TestForgotPassword" name="test_forgot_password_nonexistent_email" time="0.103" /><testcase classname="backend.tests.test_admin_and_auth.TestForgotPassword" name="test_reset_password_invalid_token" time="0.093" /><testcase classname="backend.tests.test_admin_and_auth.TestForgotPassword" name="test_reset_password_flow" time="0.384" /><testcase classname="backend.tests.test_admin_and_auth.TestNewUserSignup" name="test_signup_creates_empty_company_details" time="0.098" /><testcase classname="backend.tests.test_admin_and_auth.TestNewUserSignup" name="test_signup_duplicate_email_rejected" time="0.096" /><testcase classname="backend.tests.test_admin_and_auth.TestEmailPasswordLogin" name="test_login_valid_credentials" time="0.155" /><testcase classname="backend.tests.test_admin_and_auth.TestEmailPasswordLogin" name="test_login_invalid_password" time="0.107" /><testcase classname="backend.tests.test_admin_and_auth.TestEmailPasswordLogin" name="test_login_nonexistent_email" time="0.107" /><testcase classname="backend.tests.test_admin_and_auth.TestInvoiceCRUD" name="test_create_invoice" time="0.230" /><testcase classname="backend.tests.test_admin_and_auth.TestInvoiceCRUD" name="test_get_invoices" time="0.230" /><testcase classname="backend.tests.test_admin_and_auth.TestInvoiceCRUD" name="test_invoice_crud_flow" time="0.679" /><testcase classname="backend.tests.test_admin_and_auth.TestPDFTemplates" name="test_get_pdf_templates" time="0.096" /></testsuite></testsuites>