<?xml version="1.0" encoding="utf-8"?><testsuites name="pytest tests"><testsuite name="pytest" errors="0" failures="0" skipped="0" tests="18" time="4.850" timestamp="2026-04-04T17:40:07.487520+00:00" hostname="agent-env-cc3eb2e3-3b11-451a-9f86-c19a9a1c4019"><testcase classname="backend.tests.test_realtouch_invoice.TestHealthAndBasics" name="test_health_endpoint" time="0.144" /><testcase classname="backend.tests.test_realtouch_invoice.TestHealthAndBasics" name="test_root_endpoint" time="0.119" /><testcase classname="backend.tests.test_realtouch_invoice.TestPDFTemplates" name="test_get_pdf_templates" time="0.151" /><testcase classname="backend.tests.test_realtouch_invoice.TestEmailPasswordAuth" name="test_signup_success" time="0.184" /><testcase classname="backend.tests.test_realtouch_invoice.TestEmailPasswordAuth" name="test_signup_duplicate_email" time="0.300" /><testcase classname="backend.tests.test_realtouch_invoice.TestEmailPasswordAuth" name="test_login_success" time="0.284" /><testcase classname="backend.tests.test_realtouch_invoice.TestEmailPasswordAuth" name="test_login_invalid_password" time="0.225" /><testcase classname="backend.tests.test_realtouch_invoice.TestEmailPasswordAuth" name="test_login_nonexistent_user" time="0.114" /><testcase classname="backend.tests.test_realtouch_invoice.TestGoogleOAuthEndpoint" name="test_google_oauth_endpoint_exists" time="0.195" /><testcase classname="backend.tests.test_realtouch_invoice.TestAuthenticatedEndpoints" name="test_update_pdf_template" time="0.222" /><testcase classname="backend.tests.test_realtouch_invoice.TestAuthenticatedEndpoints" name="test_update_pdf_template_invalid" time="0.228" /><testcase classname="backend.tests.test_realtouch_invoice.TestAuthenticatedEndpoints" name="test_recurring_process_endpoint" time="0.207" /><testcase classname="backend.tests.test_realtouch_invoice.TestAuthenticatedEndpoints" name="test_create_checkout_with_bacs_debit" time="0.626" /><testcase classname="backend.tests.test_realtouch_invoice.TestAuthenticatedEndpoints" name="test_create_checkout_with_card" time="0.614" /><testcase classname="backend.tests.test_realtouch_invoice.TestInvoiceCRUD" name="test_create_invoice" time="0.251" /><testcase classname="backend.tests.test_realtouch_invoice.TestInvoiceCRUD" name="test_get_invoices" time="0.302" /><testcase classname="backend.tests.test_realtouch_invoice.TestInvoiceCRUD" name="test_update_invoice" time="0.256" /><testcase classname="backend.tests.test_realtouch_invoice.TestInvoiceCRUD" name="test_delete_invoice" time="0.345" /></testsuite></testsuites>